2024-11-17 16:36:31,808 - INFO - Iniciando proceso de imputación para la variable: LLUVIA_Aitzu-Urola
2024-11-17 16:36:31,809 - INFO - Archivo de log creado en: logs\imputation_LLUVIA_Aitzu-Urola_20241117_163631.log
2024-11-17 16:36:31,809 - INFO - Cargando datos...
2024-11-17 16:36:32,300 - INFO - Datos cargados: 215143 registros
2024-11-17 16:36:32,300 - INFO - Iniciando búsqueda de secuencias de valores NaN
2024-11-17 16:36:32,425 - INFO - Secuencia encontrada: long_consecutive - Inicio: 1999-03-16 17:00:00, Fin: 2000-04-05 12:00:00, Valores: 9260
2024-11-17 16:36:32,431 - INFO - Secuencia encontrada: single - Inicio: 2000-05-25 08:00:00, Fin: 2000-05-25 08:00:00, Valores: 1
2024-11-17 16:36:32,432 - INFO - Secuencia encontrada: single - Inicio: 2000-12-08 03:00:00, Fin: 2000-12-08 03:00:00, Valores: 1
2024-11-17 16:36:32,432 - INFO - Secuencia encontrada: consecutive - Inicio: 2000-12-12 00:00:00, Fin: 2000-12-12 23:00:00, Valores: 24
2024-11-17 16:36:32,432 - INFO - Secuencia encontrada: single - Inicio: 2000-12-15 16:00:00, Fin: 2000-12-15 16:00:00, Valores: 1
2024-11-17 16:36:32,434 - INFO - Secuencia encontrada: single - Inicio: 2000-12-23 09:00:00, Fin: 2000-12-23 09:00:00, Valores: 1
2024-11-17 16:36:32,435 - INFO - Secuencia encontrada: single - Inicio: 2000-12-23 17:00:00, Fin: 2000-12-23 17:00:00, Valores: 1
2024-11-17 16:36:32,435 - INFO - Secuencia encontrada: single - Inicio: 2000-12-23 23:00:00, Fin: 2000-12-23 23:00:00, Valores: 1
2024-11-17 16:36:32,436 - INFO - Secuencia encontrada: single - Inicio: 2000-12-28 15:00:00, Fin: 2000-12-28 15:00:00, Valores: 1
2024-11-17 16:36:32,437 - INFO - Secuencia encontrada: single - Inicio: 2001-02-06 00:00:00, Fin: 2001-02-06 00:00:00, Valores: 1
2024-11-17 16:36:32,438 - INFO - Secuencia encontrada: single - Inicio: 2001-02-07 12:00:00, Fin: 2001-02-07 12:00:00, Valores: 1
2024-11-17 16:36:32,438 - INFO - Secuencia encontrada: single - Inicio: 2001-02-08 04:00:00, Fin: 2001-02-08 04:00:00, Valores: 1
2024-11-17 16:36:32,439 - INFO - Secuencia encontrada: single - Inicio: 2001-02-13 01:00:00, Fin: 2001-02-13 01:00:00, Valores: 1
2024-11-17 16:36:32,439 - INFO - Secuencia encontrada: single - Inicio: 2001-03-25 22:00:00, Fin: 2001-03-25 22:00:00, Valores: 1
2024-11-17 16:36:32,440 - INFO - Secuencia encontrada: single - Inicio: 2001-06-02 05:00:00, Fin: 2001-06-02 05:00:00, Valores: 1
2024-11-17 16:36:32,440 - INFO - Secuencia encontrada: single - Inicio: 2001-09-28 19:00:00, Fin: 2001-09-28 19:00:00, Valores: 1
2024-11-17 16:36:32,441 - INFO - Secuencia encontrada: single - Inicio: 2002-01-08 00:00:00, Fin: 2002-01-08 00:00:00, Valores: 1
2024-11-17 16:36:32,442 - INFO - Secuencia encontrada: single - Inicio: 2002-01-13 11:00:00, Fin: 2002-01-13 11:00:00, Valores: 1
2024-11-17 16:36:32,442 - INFO - Secuencia encontrada: consecutive - Inicio: 2002-02-05 13:00:00, Fin: 2002-02-05 23:00:00, Valores: 11
2024-11-17 16:36:32,443 - INFO - Secuencia encontrada: single - Inicio: 2002-03-03 03:00:00, Fin: 2002-03-03 03:00:00, Valores: 1
2024-11-17 16:36:32,444 - INFO - Secuencia encontrada: single - Inicio: 2002-03-18 00:00:00, Fin: 2002-03-18 00:00:00, Valores: 1
2024-11-17 16:36:32,444 - INFO - Secuencia encontrada: single - Inicio: 2002-04-15 07:00:00, Fin: 2002-04-15 07:00:00, Valores: 1
2024-11-17 16:36:32,445 - INFO - Secuencia encontrada: single - Inicio: 2002-04-22 05:00:00, Fin: 2002-04-22 05:00:00, Valores: 1
2024-11-17 16:36:32,446 - INFO - Secuencia encontrada: single - Inicio: 2002-05-11 03:00:00, Fin: 2002-05-11 03:00:00, Valores: 1
2024-11-17 16:36:32,447 - INFO - Secuencia encontrada: consecutive - Inicio: 2002-05-13 14:00:00, Fin: 2002-05-13 23:00:00, Valores: 10
2024-11-17 16:36:32,447 - INFO - Secuencia encontrada: single - Inicio: 2002-06-15 13:00:00, Fin: 2002-06-15 13:00:00, Valores: 1
2024-11-17 16:36:32,448 - INFO - Secuencia encontrada: single - Inicio: 2002-07-09 10:00:00, Fin: 2002-07-09 10:00:00, Valores: 1
2024-11-17 16:36:32,448 - INFO - Secuencia encontrada: single - Inicio: 2002-11-12 23:00:00, Fin: 2002-11-12 23:00:00, Valores: 1
2024-11-17 16:36:32,450 - INFO - Secuencia encontrada: single - Inicio: 2003-01-17 03:00:00, Fin: 2003-01-17 03:00:00, Valores: 1
2024-11-17 16:36:32,451 - INFO - Secuencia encontrada: consecutive - Inicio: 2003-02-05 12:00:00, Fin: 2003-02-05 23:00:00, Valores: 12
2024-11-17 16:36:32,452 - INFO - Secuencia encontrada: single - Inicio: 2003-03-10 12:00:00, Fin: 2003-03-10 12:00:00, Valores: 1
2024-11-17 16:36:32,453 - INFO - Secuencia encontrada: single - Inicio: 2003-04-04 02:00:00, Fin: 2003-04-04 02:00:00, Valores: 1
2024-11-17 16:36:32,453 - INFO - Secuencia encontrada: single - Inicio: 2003-04-07 19:00:00, Fin: 2003-04-07 19:00:00, Valores: 1
2024-11-17 16:36:32,453 - INFO - Secuencia encontrada: single - Inicio: 2003-04-10 17:00:00, Fin: 2003-04-10 17:00:00, Valores: 1
2024-11-17 16:36:32,454 - INFO - Secuencia encontrada: single - Inicio: 2003-04-13 13:00:00, Fin: 2003-04-13 13:00:00, Valores: 1
2024-11-17 16:36:32,454 - INFO - Secuencia encontrada: single - Inicio: 2003-04-15 16:00:00, Fin: 2003-04-15 16:00:00, Valores: 1
2024-11-17 16:36:32,455 - INFO - Secuencia encontrada: single - Inicio: 2003-04-23 15:00:00, Fin: 2003-04-23 15:00:00, Valores: 1
2024-11-17 16:36:32,456 - INFO - Secuencia encontrada: single - Inicio: 2003-04-27 08:00:00, Fin: 2003-04-27 08:00:00, Valores: 1
2024-11-17 16:36:32,456 - INFO - Secuencia encontrada: single - Inicio: 2003-10-18 08:00:00, Fin: 2003-10-18 08:00:00, Valores: 1
2024-11-17 16:36:32,458 - INFO - Secuencia encontrada: single - Inicio: 2003-10-18 12:00:00, Fin: 2003-10-18 12:00:00, Valores: 1
2024-11-17 16:36:32,458 - INFO - Secuencia encontrada: single - Inicio: 2003-10-19 23:00:00, Fin: 2003-10-19 23:00:00, Valores: 1
2024-11-17 16:36:32,458 - INFO - Secuencia encontrada: single - Inicio: 2003-10-30 11:00:00, Fin: 2003-10-30 11:00:00, Valores: 1
2024-11-17 16:36:32,460 - INFO - Secuencia encontrada: single - Inicio: 2003-12-08 00:00:00, Fin: 2003-12-08 00:00:00, Valores: 1
2024-11-17 16:36:32,461 - INFO - Secuencia encontrada: single - Inicio: 2003-12-08 06:00:00, Fin: 2003-12-08 06:00:00, Valores: 1
2024-11-17 16:36:32,461 - INFO - Secuencia encontrada: single - Inicio: 2003-12-08 08:00:00, Fin: 2003-12-08 08:00:00, Valores: 1
2024-11-17 16:36:32,461 - INFO - Secuencia encontrada: single - Inicio: 2003-12-08 10:00:00, Fin: 2003-12-08 10:00:00, Valores: 1
2024-11-17 16:36:32,462 - INFO - Secuencia encontrada: single - Inicio: 2003-12-08 23:00:00, Fin: 2003-12-08 23:00:00, Valores: 1
2024-11-17 16:36:32,462 - INFO - Secuencia encontrada: single - Inicio: 2003-12-23 06:00:00, Fin: 2003-12-23 06:00:00, Valores: 1
2024-11-17 16:36:32,463 - INFO - Secuencia encontrada: single - Inicio: 2003-12-30 00:00:00, Fin: 2003-12-30 00:00:00, Valores: 1
2024-11-17 16:36:32,464 - INFO - Secuencia encontrada: consecutive - Inicio: 2003-12-30 04:00:00, Fin: 2003-12-30 06:00:00, Valores: 3
2024-11-17 16:36:32,465 - INFO - Secuencia encontrada: consecutive - Inicio: 2003-12-30 09:00:00, Fin: 2003-12-30 10:00:00, Valores: 2
2024-11-17 16:36:32,465 - INFO - Secuencia encontrada: consecutive - Inicio: 2003-12-30 16:00:00, Fin: 2003-12-30 18:00:00, Valores: 3
2024-11-17 16:36:32,466 - INFO - Secuencia encontrada: single - Inicio: 2003-12-30 21:00:00, Fin: 2003-12-30 21:00:00, Valores: 1
2024-11-17 16:36:32,466 - INFO - Secuencia encontrada: single - Inicio: 2003-12-30 23:00:00, Fin: 2003-12-30 23:00:00, Valores: 1
2024-11-17 16:36:32,467 - INFO - Secuencia encontrada: single - Inicio: 2004-01-17 03:00:00, Fin: 2004-01-17 03:00:00, Valores: 1
2024-11-17 16:36:32,467 - INFO - Secuencia encontrada: single - Inicio: 2004-02-04 10:00:00, Fin: 2004-02-04 10:00:00, Valores: 1
2024-11-17 16:36:32,468 - INFO - Secuencia encontrada: single - Inicio: 2004-03-24 01:00:00, Fin: 2004-03-24 01:00:00, Valores: 1
2024-11-17 16:36:32,468 - INFO - Secuencia encontrada: single - Inicio: 2004-04-19 11:00:00, Fin: 2004-04-19 11:00:00, Valores: 1
2024-11-17 16:36:32,469 - INFO - Secuencia encontrada: single - Inicio: 2004-05-08 17:00:00, Fin: 2004-05-08 17:00:00, Valores: 1
2024-11-17 16:36:32,470 - INFO - Secuencia encontrada: single - Inicio: 2004-05-19 08:00:00, Fin: 2004-05-19 08:00:00, Valores: 1
2024-11-17 16:36:32,471 - INFO - Secuencia encontrada: single - Inicio: 2004-07-07 15:00:00, Fin: 2004-07-07 15:00:00, Valores: 1
2024-11-17 16:36:32,472 - INFO - Secuencia encontrada: single - Inicio: 2004-09-21 14:00:00, Fin: 2004-09-21 14:00:00, Valores: 1
2024-11-17 16:36:32,472 - INFO - Secuencia encontrada: single - Inicio: 2004-11-04 08:00:00, Fin: 2004-11-04 08:00:00, Valores: 1
2024-11-17 16:36:32,473 - INFO - Secuencia encontrada: single - Inicio: 2005-05-22 11:00:00, Fin: 2005-05-22 11:00:00, Valores: 1
2024-11-17 16:36:32,473 - INFO - Secuencia encontrada: single - Inicio: 2005-05-26 22:00:00, Fin: 2005-05-26 22:00:00, Valores: 1
2024-11-17 16:36:32,474 - INFO - Secuencia encontrada: single - Inicio: 2005-08-04 19:00:00, Fin: 2005-08-04 19:00:00, Valores: 1
2024-11-17 16:36:32,475 - INFO - Secuencia encontrada: single - Inicio: 2006-02-07 22:00:00, Fin: 2006-02-07 22:00:00, Valores: 1
2024-11-17 16:36:32,476 - INFO - Secuencia encontrada: single - Inicio: 2006-02-08 07:00:00, Fin: 2006-02-08 07:00:00, Valores: 1
2024-11-17 16:36:32,476 - INFO - Secuencia encontrada: single - Inicio: 2006-02-10 16:00:00, Fin: 2006-02-10 16:00:00, Valores: 1
2024-11-17 16:36:32,477 - INFO - Secuencia encontrada: single - Inicio: 2006-03-22 12:00:00, Fin: 2006-03-22 12:00:00, Valores: 1
2024-11-17 16:36:32,477 - INFO - Secuencia encontrada: single - Inicio: 2006-04-04 23:00:00, Fin: 2006-04-04 23:00:00, Valores: 1
2024-11-17 16:36:32,478 - INFO - Secuencia encontrada: single - Inicio: 2006-08-28 07:00:00, Fin: 2006-08-28 07:00:00, Valores: 1
2024-11-17 16:36:32,479 - INFO - Secuencia encontrada: single - Inicio: 2006-09-08 02:00:00, Fin: 2006-09-08 02:00:00, Valores: 1
2024-11-17 16:36:32,481 - INFO - Secuencia encontrada: single - Inicio: 2006-09-13 20:00:00, Fin: 2006-09-13 20:00:00, Valores: 1
2024-11-17 16:36:32,481 - INFO - Secuencia encontrada: single - Inicio: 2006-09-22 09:00:00, Fin: 2006-09-22 09:00:00, Valores: 1
2024-11-17 16:36:32,482 - INFO - Secuencia encontrada: single - Inicio: 2006-12-10 00:00:00, Fin: 2006-12-10 00:00:00, Valores: 1
2024-11-17 16:36:32,483 - INFO - Secuencia encontrada: single - Inicio: 2007-02-22 22:00:00, Fin: 2007-02-22 22:00:00, Valores: 1
2024-11-17 16:36:32,483 - INFO - Secuencia encontrada: single - Inicio: 2007-03-04 15:00:00, Fin: 2007-03-04 15:00:00, Valores: 1
2024-11-17 16:36:32,484 - INFO - Secuencia encontrada: single - Inicio: 2007-04-01 05:00:00, Fin: 2007-04-01 05:00:00, Valores: 1
2024-11-17 16:36:32,484 - INFO - Secuencia encontrada: single - Inicio: 2007-06-26 15:00:00, Fin: 2007-06-26 15:00:00, Valores: 1
2024-11-17 16:36:32,485 - INFO - Secuencia encontrada: single - Inicio: 2007-08-08 00:00:00, Fin: 2007-08-08 00:00:00, Valores: 1
2024-11-17 16:36:32,486 - INFO - Secuencia encontrada: single - Inicio: 2007-08-08 18:00:00, Fin: 2007-08-08 18:00:00, Valores: 1
2024-11-17 16:36:32,486 - INFO - Secuencia encontrada: single - Inicio: 2007-08-10 03:00:00, Fin: 2007-08-10 03:00:00, Valores: 1
2024-11-17 16:36:32,487 - INFO - Secuencia encontrada: single - Inicio: 2007-08-10 08:00:00, Fin: 2007-08-10 08:00:00, Valores: 1
2024-11-17 16:36:32,488 - INFO - Secuencia encontrada: single - Inicio: 2007-08-13 22:00:00, Fin: 2007-08-13 22:00:00, Valores: 1
2024-11-17 16:36:32,488 - INFO - Secuencia encontrada: single - Inicio: 2007-08-14 10:00:00, Fin: 2007-08-14 10:00:00, Valores: 1
2024-11-17 16:36:32,488 - INFO - Secuencia encontrada: single - Inicio: 2007-08-17 02:00:00, Fin: 2007-08-17 02:00:00, Valores: 1
2024-11-17 16:36:32,489 - INFO - Secuencia encontrada: single - Inicio: 2007-08-17 22:00:00, Fin: 2007-08-17 22:00:00, Valores: 1
2024-11-17 16:36:32,489 - INFO - Secuencia encontrada: single - Inicio: 2007-08-19 15:00:00, Fin: 2007-08-19 15:00:00, Valores: 1
2024-11-17 16:36:32,490 - INFO - Secuencia encontrada: single - Inicio: 2007-08-21 06:00:00, Fin: 2007-08-21 06:00:00, Valores: 1
2024-11-17 16:36:32,491 - INFO - Secuencia encontrada: single - Inicio: 2007-08-21 09:00:00, Fin: 2007-08-21 09:00:00, Valores: 1
2024-11-17 16:36:32,491 - INFO - Secuencia encontrada: single - Inicio: 2007-08-23 08:00:00, Fin: 2007-08-23 08:00:00, Valores: 1
2024-11-17 16:36:32,492 - INFO - Secuencia encontrada: single - Inicio: 2007-09-04 15:00:00, Fin: 2007-09-04 15:00:00, Valores: 1
2024-11-17 16:36:32,493 - INFO - Secuencia encontrada: single - Inicio: 2007-09-04 19:00:00, Fin: 2007-09-04 19:00:00, Valores: 1
2024-11-17 16:36:32,494 - INFO - Secuencia encontrada: single - Inicio: 2007-09-10 04:00:00, Fin: 2007-09-10 04:00:00, Valores: 1
2024-11-17 16:36:32,494 - INFO - Secuencia encontrada: single - Inicio: 2007-12-09 00:00:00, Fin: 2007-12-09 00:00:00, Valores: 1
2024-11-17 16:36:32,495 - INFO - Secuencia encontrada: single - Inicio: 2008-01-10 19:00:00, Fin: 2008-01-10 19:00:00, Valores: 1
2024-11-17 16:36:32,496 - INFO - Secuencia encontrada: single - Inicio: 2008-03-23 00:00:00, Fin: 2008-03-23 00:00:00, Valores: 1
2024-11-17 16:36:32,496 - INFO - Secuencia encontrada: single - Inicio: 2008-03-23 18:00:00, Fin: 2008-03-23 18:00:00, Valores: 1
2024-11-17 16:36:32,497 - INFO - Secuencia encontrada: consecutive - Inicio: 2008-03-23 22:00:00, Fin: 2008-03-23 23:00:00, Valores: 2
2024-11-17 16:36:32,497 - INFO - Secuencia encontrada: single - Inicio: 2008-06-02 11:00:00, Fin: 2008-06-02 11:00:00, Valores: 1
2024-11-17 16:36:32,498 - INFO - Secuencia encontrada: single - Inicio: 2008-06-06 08:00:00, Fin: 2008-06-06 08:00:00, Valores: 1
2024-11-17 16:36:32,500 - INFO - Secuencia encontrada: consecutive - Inicio: 2008-06-21 22:00:00, Fin: 2008-06-25 08:00:00, Valores: 83
2024-11-17 16:36:32,500 - INFO - Secuencia encontrada: single - Inicio: 2008-07-16 20:00:00, Fin: 2008-07-16 20:00:00, Valores: 1
2024-11-17 16:36:32,501 - INFO - Secuencia encontrada: single - Inicio: 2008-07-22 03:00:00, Fin: 2008-07-22 03:00:00, Valores: 1
2024-11-17 16:36:32,501 - INFO - Secuencia encontrada: single - Inicio: 2008-07-23 10:00:00, Fin: 2008-07-23 10:00:00, Valores: 1
2024-11-17 16:36:32,502 - INFO - Secuencia encontrada: single - Inicio: 2008-07-30 04:00:00, Fin: 2008-07-30 04:00:00, Valores: 1
2024-11-17 16:36:32,502 - INFO - Secuencia encontrada: single - Inicio: 2008-07-30 21:00:00, Fin: 2008-07-30 21:00:00, Valores: 1
2024-11-17 16:36:32,503 - INFO - Secuencia encontrada: single - Inicio: 2008-07-31 02:00:00, Fin: 2008-07-31 02:00:00, Valores: 1
2024-11-17 16:36:32,504 - INFO - Secuencia encontrada: single - Inicio: 2008-08-02 12:00:00, Fin: 2008-08-02 12:00:00, Valores: 1
2024-11-17 16:36:32,505 - INFO - Secuencia encontrada: consecutive - Inicio: 2008-11-12 13:00:00, Fin: 2008-11-12 14:00:00, Valores: 2
2024-11-17 16:36:32,506 - INFO - Secuencia encontrada: single - Inicio: 2009-02-05 00:00:00, Fin: 2009-02-05 00:00:00, Valores: 1
2024-11-17 16:36:32,506 - INFO - Secuencia encontrada: single - Inicio: 2009-02-07 02:00:00, Fin: 2009-02-07 02:00:00, Valores: 1
2024-11-17 16:36:32,507 - INFO - Secuencia encontrada: consecutive - Inicio: 2009-04-29 11:00:00, Fin: 2009-04-29 23:00:00, Valores: 13
2024-11-17 16:36:32,508 - INFO - Secuencia encontrada: consecutive - Inicio: 2009-05-29 10:00:00, Fin: 2009-05-29 23:00:00, Valores: 14
2024-11-17 16:36:32,508 - INFO - Secuencia encontrada: single - Inicio: 2009-06-02 13:00:00, Fin: 2009-06-02 13:00:00, Valores: 1
2024-11-17 16:36:32,509 - INFO - Secuencia encontrada: single - Inicio: 2009-06-09 20:00:00, Fin: 2009-06-09 20:00:00, Valores: 1
2024-11-17 16:36:32,511 - INFO - Secuencia encontrada: consecutive - Inicio: 2009-06-29 22:00:00, Fin: 2009-06-30 12:00:00, Valores: 15
2024-11-17 16:36:32,511 - INFO - Secuencia encontrada: consecutive - Inicio: 2009-06-30 14:00:00, Fin: 2009-06-30 16:00:00, Valores: 3
2024-11-17 16:36:32,512 - INFO - Secuencia encontrada: single - Inicio: 2009-07-12 09:00:00, Fin: 2009-07-12 09:00:00, Valores: 1
2024-11-17 16:36:32,513 - INFO - Secuencia encontrada: single - Inicio: 2009-07-29 20:00:00, Fin: 2009-07-29 20:00:00, Valores: 1
2024-11-17 16:36:32,514 - INFO - Secuencia encontrada: single - Inicio: 2009-10-22 23:00:00, Fin: 2009-10-22 23:00:00, Valores: 1
2024-11-17 16:36:32,515 - INFO - Secuencia encontrada: consecutive - Inicio: 2009-12-09 09:00:00, Fin: 2009-12-10 12:00:00, Valores: 28
2024-11-17 16:36:32,515 - INFO - Secuencia encontrada: consecutive - Inicio: 2009-12-11 11:00:00, Fin: 2009-12-11 12:00:00, Valores: 2
2024-11-17 16:36:32,516 - INFO - Secuencia encontrada: single - Inicio: 2009-12-16 09:00:00, Fin: 2009-12-16 09:00:00, Valores: 1
2024-11-17 16:36:32,517 - INFO - Secuencia encontrada: single - Inicio: 2010-02-09 12:00:00, Fin: 2010-02-09 12:00:00, Valores: 1
2024-11-17 16:36:32,517 - INFO - Secuencia encontrada: single - Inicio: 2010-02-17 11:00:00, Fin: 2010-02-17 11:00:00, Valores: 1
2024-11-17 16:36:32,518 - INFO - Secuencia encontrada: consecutive - Inicio: 2010-02-18 15:00:00, Fin: 2010-02-18 16:00:00, Valores: 2
2024-11-17 16:36:32,519 - INFO - Secuencia encontrada: consecutive - Inicio: 2011-03-21 16:00:00, Fin: 2011-03-22 10:00:00, Valores: 19
2024-11-17 16:36:32,520 - INFO - Secuencia encontrada: consecutive - Inicio: 2011-10-05 11:00:00, Fin: 2011-10-05 23:00:00, Valores: 13
2024-11-17 16:36:32,520 - INFO - Secuencia encontrada: consecutive - Inicio: 2013-07-07 23:00:00, Fin: 2013-07-08 04:00:00, Valores: 6
2024-11-17 16:36:32,521 - INFO - Secuencia encontrada: consecutive - Inicio: 2016-08-19 11:00:00, Fin: 2016-08-19 13:00:00, Valores: 3
2024-11-17 16:36:32,521 - INFO - Secuencia encontrada: consecutive - Inicio: 2019-04-25 15:00:00, Fin: 2019-04-26 06:00:00, Valores: 16
2024-11-17 16:36:32,522 - INFO - Secuencia encontrada: single - Inicio: 2020-07-02 12:00:00, Fin: 2020-07-02 12:00:00, Valores: 1
2024-11-17 16:36:32,523 - INFO - Secuencia encontrada: consecutive - Inicio: 2021-06-28 09:00:00, Fin: 2021-06-30 07:00:00, Valores: 47
2024-11-17 16:36:32,524 - INFO - Secuencia encontrada: consecutive - Inicio: 2021-07-22 08:00:00, Fin: 2021-07-23 08:00:00, Valores: 25
2024-11-17 16:36:32,525 - INFO - Secuencia encontrada: consecutive - Inicio: 2021-09-06 02:00:00, Fin: 2021-09-06 09:00:00, Valores: 8
2024-11-17 16:36:32,526 - INFO - Secuencia encontrada: consecutive - Inicio: 2021-09-06 11:00:00, Fin: 2021-09-07 07:00:00, Valores: 21
2024-11-17 16:36:32,528 - INFO - Secuencia encontrada: single - Inicio: 2021-10-23 06:00:00, Fin: 2021-10-23 06:00:00, Valores: 1
2024-11-17 16:36:32,528 - INFO - Secuencia encontrada: consecutive - Inicio: 2021-10-23 10:00:00, Fin: 2021-10-23 11:00:00, Valores: 2
2024-11-17 16:36:32,528 - INFO - Secuencia encontrada: consecutive - Inicio: 2021-12-19 07:00:00, Fin: 2021-12-19 10:00:00, Valores: 4
2024-11-17 16:36:32,529 - INFO - Secuencia encontrada: consecutive - Inicio: 2021-12-19 12:00:00, Fin: 2021-12-19 13:00:00, Valores: 2
2024-11-17 16:36:32,529 - INFO - Secuencia encontrada: single - Inicio: 2021-12-19 15:00:00, Fin: 2021-12-19 15:00:00, Valores: 1
2024-11-17 16:36:32,530 - INFO - Secuencia encontrada: single - Inicio: 2021-12-19 23:00:00, Fin: 2021-12-19 23:00:00, Valores: 1
2024-11-17 16:36:32,531 - INFO - Secuencia encontrada: consecutive - Inicio: 2021-12-20 03:00:00, Fin: 2021-12-20 05:00:00, Valores: 3
2024-11-17 16:36:32,531 - INFO - Secuencia encontrada: consecutive - Inicio: 2021-12-20 09:00:00, Fin: 2021-12-20 16:00:00, Valores: 8
2024-11-17 16:36:32,532 - INFO - Secuencia encontrada: single - Inicio: 2021-12-20 19:00:00, Fin: 2021-12-20 19:00:00, Valores: 1
2024-11-17 16:36:32,533 - INFO - Secuencia encontrada: consecutive - Inicio: 2021-12-21 00:00:00, Fin: 2021-12-21 01:00:00, Valores: 2
2024-11-17 16:36:32,533 - INFO - Secuencia encontrada: single - Inicio: 2021-12-21 04:00:00, Fin: 2021-12-21 04:00:00, Valores: 1
2024-11-17 16:36:32,535 - INFO - Secuencia encontrada: consecutive - Inicio: 2021-12-21 06:00:00, Fin: 2021-12-22 08:00:00, Valores: 27
2024-11-17 16:36:32,538 - INFO - Secuencia encontrada: long_consecutive - Inicio: 2022-01-04 00:00:00, Fin: 2022-01-10 10:00:00, Valores: 155
2024-11-17 16:36:32,540 - INFO - Secuencia encontrada: single - Inicio: 2022-01-11 11:00:00, Fin: 2022-01-11 11:00:00, Valores: 1
2024-11-17 16:36:32,541 - INFO - Secuencia encontrada: consecutive - Inicio: 2022-05-22 22:00:00, Fin: 2022-05-23 06:00:00, Valores: 9
2024-11-17 16:36:32,542 - INFO - Total de secuencias encontradas: 154
2024-11-17 16:36:32,543 - WARNING - Secuencia muy larga detectada: 1999-03-16 17:00:00 a 2000-04-05 12:00:00, 9260 valores
2024-11-17 16:36:32,543 - INFO - Procesando secuencia: 2000-05-25 08:00:00 a 2000-05-25 08:00:00 (1 valores)
2024-11-17 16:36:32,550 - INFO - Iniciando entrenamiento del modelo
2024-11-17 16:36:32,551 - INFO - Parámetros - Lookback: 24, Forecast Horizon: 6
2024-11-17 16:36:32,552 - INFO - División de datos - Train: 836, Validation: 179, Test: 180
2024-11-17 16:36:32,578 - INFO - Secuencias creadas - Train: 807, Val: 150, Test: 151
2024-11-17 16:36:32,578 - INFO - Dispositivo utilizado: cuda
2024-11-17 16:36:35,215 - INFO - Prediciendo valores faltantes desde 2000-05-25 08:00:00 hasta 2000-05-25 08:00:00
2024-11-17 16:36:35,218 - INFO - Predicción completada: 1 valores generados
2024-11-17 16:36:35,222 - INFO - Procesando secuencia: 2000-12-08 03:00:00 a 2000-12-08 03:00:00 (1 valores)
2024-11-17 16:36:35,222 - INFO - Iniciando entrenamiento del modelo
2024-11-17 16:36:35,224 - INFO - Parámetros - Lookback: 24, Forecast Horizon: 6
2024-11-17 16:36:35,224 - INFO - División de datos - Train: 4142, Validation: 887, Test: 889
2024-11-17 16:36:35,347 - INFO - Secuencias creadas - Train: 4113, Val: 858, Test: 860
2024-11-17 16:36:35,348 - INFO - Dispositivo utilizado: cuda
2024-11-17 16:36:40,251 - INFO - Prediciendo valores faltantes desde 2000-12-08 03:00:00 hasta 2000-12-08 03:00:00
2024-11-17 16:36:40,254 - INFO - Predicción completada: 1 valores generados
2024-11-17 16:36:40,258 - INFO - Procesando secuencia: 2000-12-12 00:00:00 a 2000-12-12 23:00:00 (24 valores)
2024-11-17 16:36:40,260 - INFO - Iniciando entrenamiento del modelo
2024-11-17 16:36:40,261 - INFO - Parámetros - Lookback: 24, Forecast Horizon: 6
2024-11-17 16:36:40,261 - INFO - División de datos - Train: 4207, Validation: 901, Test: 903
2024-11-17 16:36:40,384 - INFO - Secuencias creadas - Train: 4178, Val: 872, Test: 874
2024-11-17 16:36:40,385 - INFO - Dispositivo utilizado: cuda
2024-11-17 16:36:45,882 - INFO - Prediciendo valores faltantes desde 2000-12-12 00:00:00 hasta 2000-12-12 23:00:00
2024-11-17 16:36:45,887 - INFO - Predicción completada: 24 valores generados
2024-11-17 16:36:45,894 - INFO - Procesando secuencia: 2000-12-15 16:00:00 a 2000-12-15 16:00:00 (1 valores)
2024-11-17 16:36:45,895 - INFO - Iniciando entrenamiento del modelo
2024-11-17 16:36:45,895 - INFO - Parámetros - Lookback: 24, Forecast Horizon: 6
2024-11-17 16:36:45,896 - INFO - División de datos - Train: 4269, Validation: 914, Test: 916
2024-11-17 16:36:46,022 - INFO - Secuencias creadas - Train: 4240, Val: 885, Test: 887
2024-11-17 16:36:46,023 - INFO - Dispositivo utilizado: cuda
2024-11-17 16:36:50,807 - INFO - Prediciendo valores faltantes desde 2000-12-15 16:00:00 hasta 2000-12-15 16:00:00
2024-11-17 16:36:50,809 - INFO - Predicción completada: 1 valores generados
2024-11-17 16:36:50,814 - INFO - Procesando secuencia: 2000-12-23 09:00:00 a 2000-12-23 09:00:00 (1 valores)
2024-11-17 16:36:50,815 - INFO - Iniciando entrenamiento del modelo
2024-11-17 16:36:50,816 - INFO - Parámetros - Lookback: 24, Forecast Horizon: 6
2024-11-17 16:36:50,817 - INFO - División de datos - Train: 4398, Validation: 942, Test: 944
2024-11-17 16:36:50,948 - INFO - Secuencias creadas - Train: 4369, Val: 913, Test: 915
2024-11-17 16:36:50,948 - INFO - Dispositivo utilizado: cuda
2024-11-17 16:37:01,139 - INFO - Prediciendo valores faltantes desde 2000-12-23 09:00:00 hasta 2000-12-23 09:00:00
2024-11-17 16:37:01,143 - INFO - Predicción completada: 1 valores generados
2024-11-17 16:37:01,147 - INFO - Procesando secuencia: 2000-12-23 17:00:00 a 2000-12-23 17:00:00 (1 valores)
2024-11-17 16:37:01,147 - INFO - Iniciando entrenamiento del modelo
2024-11-17 16:37:01,148 - INFO - Parámetros - Lookback: 24, Forecast Horizon: 6
2024-11-17 16:37:01,149 - INFO - División de datos - Train: 4404, Validation: 943, Test: 945
2024-11-17 16:37:01,274 - INFO - Secuencias creadas - Train: 4375, Val: 914, Test: 916
2024-11-17 16:37:01,275 - INFO - Dispositivo utilizado: cuda
2024-11-17 16:37:10,382 - INFO - Prediciendo valores faltantes desde 2000-12-23 17:00:00 hasta 2000-12-23 17:00:00
2024-11-17 16:37:10,384 - INFO - Predicción completada: 1 valores generados
2024-11-17 16:37:10,388 - INFO - Procesando secuencia: 2000-12-23 23:00:00 a 2000-12-23 23:00:00 (1 valores)
2024-11-17 16:37:10,389 - INFO - Iniciando entrenamiento del modelo
2024-11-17 16:37:10,389 - INFO - Parámetros - Lookback: 24, Forecast Horizon: 6
2024-11-17 16:37:10,391 - INFO - División de datos - Train: 4408, Validation: 944, Test: 946
2024-11-17 16:37:10,538 - INFO - Secuencias creadas - Train: 4379, Val: 915, Test: 917
2024-11-17 16:37:10,539 - INFO - Dispositivo utilizado: cuda
2024-11-17 16:37:18,741 - INFO - Prediciendo valores faltantes desde 2000-12-23 23:00:00 hasta 2000-12-23 23:00:00
2024-11-17 16:37:18,744 - INFO - Predicción completada: 1 valores generados
2024-11-17 16:37:18,748 - INFO - Procesando secuencia: 2000-12-28 15:00:00 a 2000-12-28 15:00:00 (1 valores)
2024-11-17 16:37:18,750 - INFO - Iniciando entrenamiento del modelo
2024-11-17 16:37:18,751 - INFO - Parámetros - Lookback: 24, Forecast Horizon: 6
2024-11-17 16:37:18,752 - INFO - División de datos - Train: 4487, Validation: 961, Test: 962
2024-11-17 16:37:18,882 - INFO - Secuencias creadas - Train: 4458, Val: 932, Test: 933
2024-11-17 16:37:18,883 - INFO - Dispositivo utilizado: cuda
